# JRE version: Java(TM) SE Runtime Environment (18.0.2+9) (build 18.0.2+9-61)
# Java VM: Java HotSpot(TM) 64-Bit Server VM (18.0.2+9-61, mixed mode, sharing, tiered, compressed oops, compressed class ptrs, g1 gc, windows-amd64)
GC Precious Log:
 CardTable entry size: 512
 Card Set container configuration: InlinePtr #cards 5 size 8 Array Of Cards #cards 12 size 40 Howl #buckets 4 coarsen threshold 1843 Howl Bitmap #cards 512 size 80 coarsen threshold 460 Card regions per heap region 1 cards per card region 2048
 CPUs: 12 total, 12 available
 Memory: 7521M
 Large Page Support: Disabled
 NUMA Support: Disabled
 Compressed Oops: Enabled (32-bit)
 Heap Region Size: 1M
 Heap Min Capacity: 8M
 Heap Initial Capacity: 118M
 Heap Max Capacity: 1882M
 Pre-touch: Disabled
 Parallel Workers: 10
 Concurrent Workers: 3
 Concurrent Refinement Workers: 10
 Periodic GC: Disabled
Heap:
 garbage-first heap   total 59392K, used 39456K [0x000000008a600000, 0x0000000100000000)
  region size 1024K, 4 young (4096K), 3 survivors (3072K)
 Metaspace       used 23078K, committed 23296K, reserved 1114112K
  class space    used 2470K, committed 2560K, reserved 1048576K
GC Heap History (10 events):
Event: 1.419 GC heap before
{Heap before GC invocations=0 (full 0):
 garbage-first heap   total 120832K, used 25600K [0x000000008a600000, 0x0000000100000000)
  region size 1024K, 23 young (23552K), 0 survivors (0K)
 Metaspace       used 18567K, committed 18816K, reserved 1114112K
  class space    used 2117K, committed 2240K, reserved 1048576K
}
Event: 1.426 GC heap after
{Heap after GC invocations=1 (full 0):
 garbage-first heap   total 120832K, used 7864K [0x000000008a600000, 0x0000000100000000)
  region size 1024K, 3 young (3072K), 3 survivors (3072K)
 Metaspace       used 18567K, committed 18816K, reserved 1114112K
  class space    used 2117K, committed 2240K, reserved 1048576K
}
Event: 9.444 GC heap before
{Heap before GC invocations=1 (full 0):
 garbage-first heap   total 120832K, used 20152K [0x000000008a600000, 0x0000000100000000)
  region size 1024K, 13 young (13312K), 3 survivors (3072K)
 Metaspace       used 21270K, committed 21504K, reserved 1114112K
  class space    used 2390K, committed 2496K, reserved 1048576K
}
Event: 9.451 GC heap after
{Heap after GC invocations=2 (full 0):
 garbage-first heap   total 120832K, used 12278K [0x000000008a600000, 0x0000000100000000)
  region size 1024K, 2 young (2048K), 2 survivors (2048K)
 Metaspace       used 21270K, committed 21504K, reserved 1114112K
  class space    used 2390K, committed 2496K, reserved 1048576K
}
Event: 279.006 GC heap before
{Heap before GC invocations=3 (full 0):
 garbage-first heap   total 51200K, used 49142K [0x000000008a600000, 0x0000000100000000)
  region size 1024K, 39 young (39936K), 2 survivors (2048K)
 Metaspace       used 23061K, committed 23296K, reserved 1114112K
  class space    used 2469K, committed 2560K, reserved 1048576K
}
Event: 279.024 GC heap after
{Heap after GC invocations=4 (full 0):
 garbage-first heap   total 59392K, used 19266K [0x000000008a600000, 0x0000000100000000)
  region size 1024K, 6 young (6144K), 6 survivors (6144K)
 Metaspace       used 23061K, committed 23296K, reserved 1114112K
  class space    used 2469K, committed 2560K, reserved 1048576K
}
Event: 279.043 GC heap before
{Heap before GC invocations=4 (full 0):
 garbage-first heap   total 59392K, used 20290K [0x000000008a600000, 0x0000000100000000)
  region size 1024K, 7 young (7168K), 6 survivors (6144K)
 Metaspace       used 23062K, committed 23296K, reserved 1114112K
  class space    used 2469K, committed 2560K, reserved 1048576K
}
Event: 279.053 GC heap after
{Heap after GC invocations=5 (full 0):
 garbage-first heap   total 59392K, used 19967K [0x000000008a600000, 0x0000000100000000)
  region size 1024K, 1 young (1024K), 1 survivors (1024K)
 Metaspace       used 23062K, committed 23296K, reserved 1114112K
  class space    used 2469K, committed 2560K, reserved 1048576K
}
Event: 279.565 GC heap before
{Heap before GC invocations=5 (full 0):
 garbage-first heap   total 59392K, used 34303K [0x000000008a600000, 0x0000000100000000)
  region size 1024K, 13 young (13312K), 1 survivors (1024K)
 Metaspace       used 23077K, committed 23296K, reserved 1114112K
  class space    used 2469K, committed 2560K, reserved 1048576K
}
Event: 279.572 GC heap after
{Heap after GC invocations=6 (full 0):
 garbage-first heap   total 59392K, used 35360K [0x000000008a600000, 0x0000000100000000)
  region size 1024K, 3 young (3072K), 3 survivors (3072K)
 Metaspace       used 23077K, committed 23296K, reserved 1114112K
  class space    used 2469K, committed 2560K, reserved 1048576K
}

